GROUP,PACKAGE,CLASS,INSTRUCTION_MISSED,INSTRUCTION_COVERED,BRANCH_MISSED,BRANCH_COVERED,LINE_MISSED,LINE_COVERED,COMPLEXITY_MISSED,COMPLEXITY_COVERED,METHOD_MISSED,METHOD_COVERED
Necesidades,com.donaton.necesidades.exception,GlobalExceptionHandler,89,3,2,0,16,1,3,1,2,1
Necesidades,com.donaton.necesidades.controller,NecesidadController,0,22,0,0,0,4,0,3,0,3
Necesidades,com.donaton.necesidades.service,NecesidadService,0,98,0,0,0,25,0,4,0,4
Necesidades,com.donaton.necesidades,NecesidadesApplication,5,3,0,0,2,1,1,1,1,1
